#
# A fatal error has been detected by the Java Runtime Environment:
#
#  Internal Error (classFileParser.cpp:3075), pid=32579, tid=139708392122640
#  Error: ShouldNotReachHere()
#
# JRE version: 6.0_15-b03
# Java VM: Java HotSpot(TM) 64-Bit Server VM (14.1-b02 mixed mode linux-amd64 )
# If you would like to submit a bug report, please visit:
#   http://java.sun.com/webapps/bugreport/crash.jsp
#

---------------  T H R E A D  ---------------

Current thread (0x00000000413f7800):  JavaThread "Unknown thread" [_thread_in_vm, id=32580, stack(0x00007f106505a000,0x00007f106515b000)]

Stack: [0x00007f106505a000,0x00007f106515b000],  sp=0x00007f10651593f0,  free space=1020k
Native frames: (J=compiled Java code, j=interpreted, Vv=VM code, C=native code)
V  [libjvm.so+0x6bd12f]
V  [libjvm.so+0x2be812]
V  [libjvm.so+0x254100]
V  [libjvm.so+0x25a395]
V  [libjvm.so+0x650deb]
V  [libjvm.so+0x64f162]
V  [libjvm.so+0x64e041]
V  [libjvm.so+0x64dca3]
V  [libjvm.so+0x652160]
V  [libjvm.so+0x6521f1]
V  [libjvm.so+0x6522c5]
V  [libjvm.so+0x652098]
V  [libjvm.so+0x695b68]
V  [libjvm.so+0x6977e9]
V  [libjvm.so+0x377c78]
V  [libjvm.so+0x67f4ef]
V  [libjvm.so+0x3dee90]


---------------  P R O C E S S  ---------------

Java Threads: ( => current thread )

Other Threads:

=>0x00000000413f7800 (exited) JavaThread "Unknown thread" [_thread_in_vm, id=32580, stack(0x00007f106505a000,0x00007f106515b000)]

VM state:not at safepoint (not fully initialized)

VM Mutex/Monitor currently owned by a thread: None

Dynamic libraries:
40000000-40009000 r-xp 00000000 08:01 525420                             /usr/lib/jvm/java-6-sun-1.6.0.15/jre/bin/java
40108000-4010a000 rwxp 00008000 08:01 525420                             /usr/lib/jvm/java-6-sun-1.6.0.15/jre/bin/java
413ef000-4145b000 rwxp 00000000 00:00 0                                  [heap]
7f101d5ae000-7f101d5f4000 r-xs 002b3000 08:01 438514                     /home/cotryti/Tools/android-sdk-linux_86/platforms/android-3/android.jar
7f101d5f4000-7f101d61c000 rwxp 00000000 00:00 0 
7f101d61c000-7f101d61d000 ---p 00000000 00:00 0 
7f101d61d000-7f101d71d000 rwxp 00000000 00:00 0 
7f101d71d000-7f101d71e000 ---p 00000000 00:00 0 
7f101d71e000-7f101d81e000 rwxp 00000000 00:00 0 
7f101d81e000-7f101d81f000 ---p 00000000 00:00 0 
7f101d81f000-7f101d91f000 rwxp 00000000 00:00 0 
7f101d91f000-7f101d920000 ---p 00000000 00:00 0 
7f101d920000-7f101da2b000 rwxp 00000000 00:00 0 
7f101da2b000-7f101da4a000 rwxp 00000000 00:00 0 
7f101da4a000-7f101da5f000 rwxp 00000000 00:00 0 
7f101da5f000-7f101db95000 rwxp 00000000 00:00 0 
7f101db95000-7f101dba0000 rwxp 00000000 00:00 0 
7f101dba0000-7f101dbbf000 rwxp 00000000 00:00 0 
7f101dbbf000-7f101dbd4000 rwxp 00000000 00:00 0 
7f101dbd4000-7f101dd09000 rwxp 00000000 00:00 0 
7f101dd09000-7f101dd14000 rwxp 00000000 00:00 0 
7f101dd14000-7f101ddaf000 rwxp 00000000 00:00 0 
7f101ddaf000-7f101f270000 rwxp 00000000 00:00 0 
7f101f270000-7f10231b0000 rwxp 00000000 00:00 0 
7f10231b0000-7f1025b00000 rwxp 00000000 00:00 0 
7f1025b00000-7f104c710000 rwxp 00000000 00:00 0 
7f104c710000-7f104dbb0000 rwxp 00000000 00:00 0 
7f104dbb0000-7f10611b0000 rwxp 00000000 00:00 0 
7f10611ba000-7f106142a000 rwxp 00000000 00:00 0 
7f106142a000-7f10641ba000 rwxp 00000000 00:00 0 
7f10641ba000-7f10641c8000 r-xp 00000000 08:01 525514                     /usr/lib/jvm/java-6-sun-1.6.0.15/jre/lib/amd64/libzip.so
7f10641c8000-7f10642ca000 ---p 0000e000 08:01 525514                     /usr/lib/jvm/java-6-sun-1.6.0.15/jre/lib/amd64/libzip.so
7f10642ca000-7f10642cd000 rwxp 00010000 08:01 525514                     /usr/lib/jvm/java-6-sun-1.6.0.15/jre/lib/amd64/libzip.so
7f10642cd000-7f10642ce000 rwxp 00000000 00:00 0 
7f10642ce000-7f10642da000 r-xp 00000000 08:01 835                        /lib/libnss_files-2.10.1.so
7f10642da000-7f10644d9000 ---p 0000c000 08:01 835                        /lib/libnss_files-2.10.1.so
7f10644d9000-7f10644da000 r-xp 0000b000 08:01 835                        /lib/libnss_files-2.10.1.so
7f10644da000-7f10644db000 rwxp 0000c000 08:01 835                        /lib/libnss_files-2.10.1.so
7f10644db000-7f10644e5000 r-xp 00000000 08:01 839                        /lib/libnss_nis-2.10.1.so
7f10644e5000-7f10646e4000 ---p 0000a000 08:01 839                        /lib/libnss_nis-2.10.1.so
7f10646e4000-7f10646e5000 r-xp 00009000 08:01 839                        /lib/libnss_nis-2.10.1.so
7f10646e5000-7f10646e6000 rwxp 0000a000 08:01 839                        /lib/libnss_nis-2.10.1.so
7f10646e6000-7f10646ed000 r-xp 00000000 08:01 831                        /lib/libnss_compat-2.10.1.so
7f10646ed000-7f10648ed000 ---p 00007000 08:01 831                        /lib/libnss_compat-2.10.1.so
7f10648ed000-7f10648ee000 r-xp 00007000 08:01 831                        /lib/libnss_compat-2.10.1.so
7f10648ee000-7f10648ef000 rwxp 00008000 08:01 831                        /lib/libnss_compat-2.10.1.so
7f10648ef000-7f10648f6000 r-xp 00000000 08:01 525518                     /usr/lib/jvm/java-6-sun-1.6.0.15/jre/lib/amd64/native_threads/libhpi.so
7f10648f6000-7f10649f7000 ---p 00007000 08:01 525518                     /usr/lib/jvm/java-6-sun-1.6.0.15/jre/lib/amd64/native_threads/libhpi.so
7f10649f7000-7f10649f9000 rwxp 00008000 08:01 525518                     /usr/lib/jvm/java-6-sun-1.6.0.15/jre/lib/amd64/native_threads/libhpi.so
7f10649f9000-7f10649fa000 rwxp 00000000 00:00 0 
7f10649fa000-7f1064a10000 r-xp 00000000 08:01 829                        /lib/libnsl-2.10.1.so
7f1064a10000-7f1064c10000 ---p 00016000 08:01 829                        /lib/libnsl-2.10.1.so
7f1064c10000-7f1064c11000 r-xp 00016000 08:01 829                        /lib/libnsl-2.10.1.so
7f1064c11000-7f1064c12000 rwxp 00017000 08:01 829                        /lib/libnsl-2.10.1.so
7f1064c12000-7f1064c14000 rwxp 00000000 00:00 0 
7f1064c14000-7f1064c3d000 r-xp 00000000 08:01 525490                     /usr/lib/jvm/java-6-sun-1.6.0.15/jre/lib/amd64/libjava.so
7f1064c3d000-7f1064d3c000 ---p 00029000 08:01 525490                     /usr/lib/jvm/java-6-sun-1.6.0.15/jre/lib/amd64/libjava.so
7f1064d3c000-7f1064d43000 rwxp 00028000 08:01 525490                     /usr/lib/jvm/java-6-sun-1.6.0.15/jre/lib/amd64/libjava.so
7f1064d43000-7f1064d50000 r-xp 00000000 08:01 525513                     /usr/lib/jvm/java-6-sun-1.6.0.15/jre/lib/amd64/libverify.so
7f1064d50000-7f1064e4f000 ---p 0000d000 08:01 525513                     /usr/lib/jvm/java-6-sun-1.6.0.15/jre/lib/amd64/libverify.so
7f1064e4f000-7f1064e52000 rwxp 0000c000 08:01 525513                     /usr/lib/jvm/java-6-sun-1.6.0.15/jre/lib/amd64/libverify.so
7f1064e52000-7f1064e59000 r-xp 00000000 08:01 846                        /lib/librt-2.10.1.so
7f1064e59000-7f1065058000 ---p 00007000 08:01 846                        /lib/librt-2.10.1.so
7f1065058000-7f1065059000 r-xp 00006000 08:01 846                        /lib/librt-2.10.1.so
7f1065059000-7f106505a000 rwxp 00007000 08:01 846                        /lib/librt-2.10.1.so
7f106505a000-7f106505d000 ---p 00000000 00:00 0 
7f106505d000-7f106515b000 rwxp 00000000 00:00 0 
7f106515b000-7f10651dd000 r-xp 00000000 08:01 825                        /lib/libm-2.10.1.so
7f10651dd000-7f10653dd000 ---p 00082000 08:01 825                        /lib/libm-2.10.1.so
7f10653dd000-7f10653de000 r-xp 00082000 08:01 825                        /lib/libm-2.10.1.so
7f10653de000-7f10653df000 rwxp 00083000 08:01 825                        /lib/libm-2.10.1.so
7f10653df000-7f1065b3d000 r-xp 00000000 08:01 525521                     /usr/lib/jvm/java-6-sun-1.6.0.15/jre/lib/amd64/server/libjvm.so
7f1065b3d000-7f1065c3c000 ---p 0075e000 08:01 525521                     /usr/lib/jvm/java-6-sun-1.6.0.15/jre/lib/amd64/server/libjvm.so
7f1065c3c000-7f1065db4000 rwxp 0075d000 08:01 525521                     /usr/lib/jvm/java-6-sun-1.6.0.15/jre/lib/amd64/server/libjvm.so
7f1065db4000-7f1065df2000 rwxp 00000000 00:00 0 
7f1065df2000-7f1065f58000 r-xp 00000000 08:01 817                        /lib/libc-2.10.1.so
7f1065f58000-7f1066157000 ---p 00166000 08:01 817                        /lib/libc-2.10.1.so
7f1066157000-7f106615b000 r-xp 00165000 08:01 817                        /lib/libc-2.10.1.so
7f106615b000-7f106615c000 rwxp 00169000 08:01 817                        /lib/libc-2.10.1.so
7f106615c000-7f1066161000 rwxp 00000000 00:00 0 
7f1066161000-7f1066163000 r-xp 00000000 08:01 823                        /lib/libdl-2.10.1.so
7f1066163000-7f1066363000 ---p 00002000 08:01 823                        /lib/libdl-2.10.1.so
7f1066363000-7f1066364000 r-xp 00002000 08:01 823                        /lib/libdl-2.10.1.so
7f1066364000-7f1066365000 rwxp 00003000 08:01 823                        /lib/libdl-2.10.1.so
7f1066365000-7f106637c000 r-xp 00000000 08:01 844                        /lib/libpthread-2.10.1.so
7f106637c000-7f106657b000 ---p 00017000 08:01 844                        /lib/libpthread-2.10.1.so
7f106657b000-7f106657c000 r-xp 00016000 08:01 844                        /lib/libpthread-2.10.1.so
7f106657c000-7f106657d000 rwxp 00017000 08:01 844                        /lib/libpthread-2.10.1.so
7f106657d000-7f1066581000 rwxp 00000000 00:00 0 
7f1066581000-7f10665a0000 r-xp 00000000 08:01 809                        /lib/ld-2.10.1.so
7f10665b5000-7f10665bf000 rwxp 00000000 00:00 0 
7f10665bf000-7f1066675000 rwxp 00000000 00:00 0 
7f1066675000-7f1066677000 rwxp 00000000 00:00 0 
7f1066677000-7f106667e000 r-xp 00000000 08:01 525516                     /usr/lib/jvm/java-6-sun-1.6.0.15/jre/lib/amd64/jli/libjli.so
7f106667e000-7f106677f000 ---p 00007000 08:01 525516                     /usr/lib/jvm/java-6-sun-1.6.0.15/jre/lib/amd64/jli/libjli.so
7f106677f000-7f1066781000 rwxp 00008000 08:01 525516                     /usr/lib/jvm/java-6-sun-1.6.0.15/jre/lib/amd64/jli/libjli.so
7f1066781000-7f1066782000 rwxp 00000000 00:00 0 
7f1066792000-7f106679a000 rwxs 00000000 08:01 1701                       /tmp/hsperfdata_cotryti/32579
7f106679a000-7f106679b000 rwxp 00000000 00:00 0 
7f106679b000-7f106679c000 r-xp 00000000 00:00 0 
7f106679c000-7f106679f000 rwxp 00000000 00:00 0 
7f106679f000-7f10667a0000 r-xp 0001e000 08:01 809                        /lib/ld-2.10.1.so
7f10667a0000-7f10667a1000 rwxp 0001f000 08:01 809                        /lib/ld-2.10.1.so
7fff8fbf1000-7fff8fc06000 rwxp 00000000 00:00 0                          [stack]
7fff8fd6a000-7fff8fd6b000 r-xp 00000000 00:00 0                          [vdso]
ffffffffff600000-ffffffffff601000 r-xp 00000000 00:00 0                  [vsyscall]

VM Arguments:
jvm_args: -Dfile.encoding=UTF-8 -Xbootclasspath:/home/cotryti/Tools/android-sdk-linux_86/platforms/android-3/android.jar 
java_command: no.ctryti.dagensatuio.SiOParser
Launcher Type: SUN_STANDARD

Environment Variables:
PATH=/usr/local/sbin:/usr/local/bin:/usr/sbin:/usr/bin:/sbin:/bin:/usr/games
USERNAME=cotryti
LD_LIBRARY_PATH=/usr/lib/jvm/java-6-sun-1.6.0.15/jre/lib/amd64/server:/usr/lib/jvm/java-6-sun-1.6.0.15/jre/lib/amd64:/usr/lib/jvm/java-6-sun-1.6.0.15/jre/../lib/amd64:/usr/lib64/xulrunner-addons
SHELL=/bin/bash
DISPLAY=:0.0

Signal Handlers:
SIGSEGV: [libjvm.so+0x6bdd00], sa_mask[0]=0x7ffbfeff, sa_flags=0x10000004
SIGBUS: [libjvm.so+0x6bdd00], sa_mask[0]=0x7ffbfeff, sa_flags=0x10000004
SIGFPE: [libjvm.so+0x594ed0], sa_mask[0]=0x7ffbfeff, sa_flags=0x10000004
SIGPIPE: [libjvm.so+0x594ed0], sa_mask[0]=0x7ffbfeff, sa_flags=0x10000004
SIGXFSZ: [libjvm.so+0x594ed0], sa_mask[0]=0x7ffbfeff, sa_flags=0x10000004
SIGILL: [libjvm.so+0x594ed0], sa_mask[0]=0x7ffbfeff, sa_flags=0x10000004
SIGUSR1: SIG_DFL, sa_mask[0]=0x00000000, sa_flags=0x00000000
SIGUSR2: [libjvm.so+0x597690], sa_mask[0]=0x00000004, sa_flags=0x10000004
SIGHUP: SIG_DFL, sa_mask[0]=0x00000000, sa_flags=0x00000000
SIGINT: SIG_DFL, sa_mask[0]=0x00000000, sa_flags=0x00000000
SIGTERM: SIG_DFL, sa_mask[0]=0x00000000, sa_flags=0x00000000
SIGQUIT: SIG_DFL, sa_mask[0]=0x00000000, sa_flags=0x00000000


---------------  S Y S T E M  ---------------

OS:squeeze/sid

uname:Linux 2.6.31-14-generic #48-Ubuntu SMP Fri Oct 16 14:05:01 UTC 2009 x86_64
libc:glibc 2.10.1 NPTL 2.10.1 
rlimit: STACK 8192k, CORE 0k, NPROC infinity, NOFILE 1024, AS infinity
load average:0.08 0.14 0.09

CPU:total 4 (4 cores per cpu, 1 threads per core) family 6 model 23 stepping 7, cmov, cx8, fxsr, mmx, sse, sse2, sse3, ssse3, sse4.1

Memory: 4k page, physical 4057744k(108104k free), swap 4095992k(4082588k free)

vm_info: Java HotSpot(TM) 64-Bit Server VM (14.1-b02) for linux-amd64 JRE (1.6.0_15-b03), built on Jul  2 2009 15:26:16 by "java_re" with gcc 3.2.2 (SuSE Linux)

time: Sat Mar 13 14:08:32 2010
elapsed time: 0 seconds

