#
# A fatal error has been detected by the Java Runtime Environment:
#
#  Internal Error (classFileParser.cpp:3075), pid=32526, tid=140009334335760
#  Error: ShouldNotReachHere()
#
# JRE version: 6.0_15-b03
# Java VM: Java HotSpot(TM) 64-Bit Server VM (14.1-b02 mixed mode linux-amd64 )
# If you would like to submit a bug report, please visit:
#   http://java.sun.com/webapps/bugreport/crash.jsp
#

---------------  T H R E A D  ---------------

Current thread (0x000000004092a800):  JavaThread "Unknown thread" [_thread_in_vm, id=32527, stack(0x00007f5676936000,0x00007f5676a37000)]

Stack: [0x00007f5676936000,0x00007f5676a37000],  sp=0x00007f5676a353f0,  free space=1020k
Native frames: (J=compiled Java code, j=interpreted, Vv=VM code, C=native code)
V  [libjvm.so+0x6bd12f]
V  [libjvm.so+0x2be812]
V  [libjvm.so+0x254100]
V  [libjvm.so+0x25a395]
V  [libjvm.so+0x650deb]
V  [libjvm.so+0x64f162]
V  [libjvm.so+0x64e041]
V  [libjvm.so+0x64dca3]
V  [libjvm.so+0x652160]
V  [libjvm.so+0x6521f1]
V  [libjvm.so+0x6522c5]
V  [libjvm.so+0x652098]
V  [libjvm.so+0x695b68]
V  [libjvm.so+0x6977e9]
V  [libjvm.so+0x377c78]
V  [libjvm.so+0x67f4ef]
V  [libjvm.so+0x3dee90]


---------------  P R O C E S S  ---------------

Java Threads: ( => current thread )

Other Threads:

=>0x000000004092a800 (exited) JavaThread "Unknown thread" [_thread_in_vm, id=32527, stack(0x00007f5676936000,0x00007f5676a37000)]

VM state:not at safepoint (not fully initialized)

VM Mutex/Monitor currently owned by a thread: None

Dynamic libraries:
40000000-40009000 r-xp 00000000 08:01 525420                             /usr/lib/jvm/java-6-sun-1.6.0.15/jre/bin/java
40108000-4010a000 rwxp 00008000 08:01 525420                             /usr/lib/jvm/java-6-sun-1.6.0.15/jre/bin/java
40917000-40992000 rwxp 00000000 00:00 0                                  [heap]
7f562eaf0000-7f562eb36000 r-xs 002b3000 08:01 438514                     /home/cotryti/Tools/android-sdk-linux_86/platforms/android-3/android.jar
7f562eb36000-7f562eb37000 ---p 00000000 00:00 0 
7f562eb37000-7f562ec37000 rwxp 00000000 00:00 0 
7f562ec37000-7f562ec38000 ---p 00000000 00:00 0 
7f562ec38000-7f562ed38000 rwxp 00000000 00:00 0 
7f562ed38000-7f562ed39000 ---p 00000000 00:00 0 
7f562ed39000-7f562ee39000 rwxp 00000000 00:00 0 
7f562ee39000-7f562ee3a000 ---p 00000000 00:00 0 
7f562ee3a000-7f562ef4f000 rwxp 00000000 00:00 0 
7f562ef4f000-7f562f085000 rwxp 00000000 00:00 0 
7f562f085000-7f562f090000 rwxp 00000000 00:00 0 
7f562f090000-7f562f0af000 rwxp 00000000 00:00 0 
7f562f0af000-7f562f0c4000 rwxp 00000000 00:00 0 
7f562f0c4000-7f562f1f9000 rwxp 00000000 00:00 0 
7f562f1f9000-7f562f204000 rwxp 00000000 00:00 0 
7f562f204000-7f562f29f000 rwxp 00000000 00:00 0 
7f562f29f000-7f5630760000 rwxp 00000000 00:00 0 
7f5630760000-7f56346a0000 rwxp 00000000 00:00 0 
7f56346a0000-7f5636ff0000 rwxp 00000000 00:00 0 
7f5636ff0000-7f565dc00000 rwxp 00000000 00:00 0 
7f565dc00000-7f565f0a0000 rwxp 00000000 00:00 0 
7f565f0a0000-7f56726a0000 rwxp 00000000 00:00 0 
7f56726a7000-7f56726b1000 rwxp 00000000 00:00 0 
7f56726b1000-7f5672767000 rwxp 00000000 00:00 0 
7f5672767000-7f56729d7000 rwxp 00000000 00:00 0 
7f56729d7000-7f5675767000 rwxp 00000000 00:00 0 
7f5675767000-7f5675775000 r-xp 00000000 08:01 525514                     /usr/lib/jvm/java-6-sun-1.6.0.15/jre/lib/amd64/libzip.so
7f5675775000-7f5675877000 ---p 0000e000 08:01 525514                     /usr/lib/jvm/java-6-sun-1.6.0.15/jre/lib/amd64/libzip.so
7f5675877000-7f567587a000 rwxp 00010000 08:01 525514                     /usr/lib/jvm/java-6-sun-1.6.0.15/jre/lib/amd64/libzip.so
7f567587a000-7f567587b000 rwxp 00000000 00:00 0 
7f567587b000-7f5675887000 r-xp 00000000 08:01 835                        /lib/libnss_files-2.10.1.so
7f5675887000-7f5675a86000 ---p 0000c000 08:01 835                        /lib/libnss_files-2.10.1.so
7f5675a86000-7f5675a87000 r-xp 0000b000 08:01 835                        /lib/libnss_files-2.10.1.so
7f5675a87000-7f5675a88000 rwxp 0000c000 08:01 835                        /lib/libnss_files-2.10.1.so
7f5675a88000-7f5675a92000 r-xp 00000000 08:01 839                        /lib/libnss_nis-2.10.1.so
7f5675a92000-7f5675c91000 ---p 0000a000 08:01 839                        /lib/libnss_nis-2.10.1.so
7f5675c91000-7f5675c92000 r-xp 00009000 08:01 839                        /lib/libnss_nis-2.10.1.so
7f5675c92000-7f5675c93000 rwxp 0000a000 08:01 839                        /lib/libnss_nis-2.10.1.so
7f5675c93000-7f5675c9a000 r-xp 00000000 08:01 831                        /lib/libnss_compat-2.10.1.so
7f5675c9a000-7f5675e9a000 ---p 00007000 08:01 831                        /lib/libnss_compat-2.10.1.so
7f5675e9a000-7f5675e9b000 r-xp 00007000 08:01 831                        /lib/libnss_compat-2.10.1.so
7f5675e9b000-7f5675e9c000 rwxp 00008000 08:01 831                        /lib/libnss_compat-2.10.1.so
7f5675e9c000-7f5675f89000 r-xp 00000000 08:01 526335                     /usr/lib/locale/en_US.utf8/LC_COLLATE
7f5675f89000-7f5675f8c000 r-xp 00000000 08:01 525506                     /usr/lib/jvm/java-6-sun-1.6.0.15/jre/lib/amd64/libnpt.so
7f5675f8c000-7f567608b000 ---p 00003000 08:01 525506                     /usr/lib/jvm/java-6-sun-1.6.0.15/jre/lib/amd64/libnpt.so
7f567608b000-7f567608c000 rwxp 00002000 08:01 525506                     /usr/lib/jvm/java-6-sun-1.6.0.15/jre/lib/amd64/libnpt.so
7f567608c000-7f56760c2000 r-xp 00000000 08:01 525494                     /usr/lib/jvm/java-6-sun-1.6.0.15/jre/lib/amd64/libjdwp.so
7f56760c2000-7f56761c1000 ---p 00036000 08:01 525494                     /usr/lib/jvm/java-6-sun-1.6.0.15/jre/lib/amd64/libjdwp.so
7f56761c1000-7f56761cb000 rwxp 00035000 08:01 525494                     /usr/lib/jvm/java-6-sun-1.6.0.15/jre/lib/amd64/libjdwp.so
7f56761cb000-7f56761d2000 r-xp 00000000 08:01 525518                     /usr/lib/jvm/java-6-sun-1.6.0.15/jre/lib/amd64/native_threads/libhpi.so
7f56761d2000-7f56762d3000 ---p 00007000 08:01 525518                     /usr/lib/jvm/java-6-sun-1.6.0.15/jre/lib/amd64/native_threads/libhpi.so
7f56762d3000-7f56762d5000 rwxp 00008000 08:01 525518                     /usr/lib/jvm/java-6-sun-1.6.0.15/jre/lib/amd64/native_threads/libhpi.so
7f56762d5000-7f56762d6000 rwxp 00000000 00:00 0 
7f56762d6000-7f56762ec000 r-xp 00000000 08:01 829                        /lib/libnsl-2.10.1.so
7f56762ec000-7f56764ec000 ---p 00016000 08:01 829                        /lib/libnsl-2.10.1.so
7f56764ec000-7f56764ed000 r-xp 00016000 08:01 829                        /lib/libnsl-2.10.1.so
7f56764ed000-7f56764ee000 rwxp 00017000 08:01 829                        /lib/libnsl-2.10.1.so
7f56764ee000-7f56764f0000 rwxp 00000000 00:00 0 
7f56764f0000-7f5676519000 r-xp 00000000 08:01 525490                     /usr/lib/jvm/java-6-sun-1.6.0.15/jre/lib/amd64/libjava.so
7f5676519000-7f5676618000 ---p 00029000 08:01 525490                     /usr/lib/jvm/java-6-sun-1.6.0.15/jre/lib/amd64/libjava.so
7f5676618000-7f567661f000 rwxp 00028000 08:01 525490                     /usr/lib/jvm/java-6-sun-1.6.0.15/jre/lib/amd64/libjava.so
7f567661f000-7f567662c000 r-xp 00000000 08:01 525513                     /usr/lib/jvm/java-6-sun-1.6.0.15/jre/lib/amd64/libverify.so
7f567662c000-7f567672b000 ---p 0000d000 08:01 525513                     /usr/lib/jvm/java-6-sun-1.6.0.15/jre/lib/amd64/libverify.so
7f567672b000-7f567672e000 rwxp 0000c000 08:01 525513                     /usr/lib/jvm/java-6-sun-1.6.0.15/jre/lib/amd64/libverify.so
7f567672e000-7f5676735000 r-xp 00000000 08:01 846                        /lib/librt-2.10.1.so
7f5676735000-7f5676934000 ---p 00007000 08:01 846                        /lib/librt-2.10.1.so
7f5676934000-7f5676935000 r-xp 00006000 08:01 846                        /lib/librt-2.10.1.so
7f5676935000-7f5676936000 rwxp 00007000 08:01 846                        /lib/librt-2.10.1.so
7f5676936000-7f5676939000 ---p 00000000 00:00 0 
7f5676939000-7f5676a37000 rwxp 00000000 00:00 0 
7f5676a37000-7f5676ab9000 r-xp 00000000 08:01 825                        /lib/libm-2.10.1.so
7f5676ab9000-7f5676cb9000 ---p 00082000 08:01 825                        /lib/libm-2.10.1.so
7f5676cb9000-7f5676cba000 r-xp 00082000 08:01 825                        /lib/libm-2.10.1.so
7f5676cba000-7f5676cbb000 rwxp 00083000 08:01 825                        /lib/libm-2.10.1.so
7f5676cbb000-7f5677419000 r-xp 00000000 08:01 525521                     /usr/lib/jvm/java-6-sun-1.6.0.15/jre/lib/amd64/server/libjvm.so
7f5677419000-7f5677518000 ---p 0075e000 08:01 525521                     /usr/lib/jvm/java-6-sun-1.6.0.15/jre/lib/amd64/server/libjvm.so
7f5677518000-7f5677690000 rwxp 0075d000 08:01 525521                     /usr/lib/jvm/java-6-sun-1.6.0.15/jre/lib/amd64/server/libjvm.so
7f5677690000-7f56776ce000 rwxp 00000000 00:00 0 
7f56776ce000-7f5677834000 r-xp 00000000 08:01 817                        /lib/libc-2.10.1.so
7f5677834000-7f5677a33000 ---p 00166000 08:01 817                        /lib/libc-2.10.1.so
7f5677a33000-7f5677a37000 r-xp 00165000 08:01 817                        /lib/libc-2.10.1.so
7f5677a37000-7f5677a38000 rwxp 00169000 08:01 817                        /lib/libc-2.10.1.so
7f5677a38000-7f5677a3d000 rwxp 00000000 00:00 0 
7f5677a3d000-7f5677a3f000 r-xp 00000000 08:01 823                        /lib/libdl-2.10.1.so
7f5677a3f000-7f5677c3f000 ---p 00002000 08:01 823                        /lib/libdl-2.10.1.so
7f5677c3f000-7f5677c40000 r-xp 00002000 08:01 823                        /lib/libdl-2.10.1.so
7f5677c40000-7f5677c41000 rwxp 00003000 08:01 823                        /lib/libdl-2.10.1.so
7f5677c41000-7f5677c58000 r-xp 00000000 08:01 844                        /lib/libpthread-2.10.1.so
7f5677c58000-7f5677e57000 ---p 00017000 08:01 844                        /lib/libpthread-2.10.1.so
7f5677e57000-7f5677e58000 r-xp 00016000 08:01 844                        /lib/libpthread-2.10.1.so
7f5677e58000-7f5677e59000 rwxp 00017000 08:01 844                        /lib/libpthread-2.10.1.so
7f5677e59000-7f5677e5d000 rwxp 00000000 00:00 0 
7f5677e5d000-7f5677e7c000 r-xp 00000000 08:01 809                        /lib/ld-2.10.1.so
7f5677eb8000-7f5677eeb000 rwxp 00000000 00:00 0 
7f5677eeb000-7f5677f0a000 rwxp 00000000 00:00 0 
7f5677f0a000-7f5677f12000 rwxs 00000000 08:01 1701                       /tmp/hsperfdata_cotryti/32526
7f5677f12000-7f5677f51000 r-xp 00000000 08:01 526336                     /usr/lib/locale/en_US.utf8/LC_CTYPE
7f5677f51000-7f5677f53000 rwxp 00000000 00:00 0 
7f5677f53000-7f5677f5a000 r-xp 00000000 08:01 525516                     /usr/lib/jvm/java-6-sun-1.6.0.15/jre/lib/amd64/jli/libjli.so
7f5677f5a000-7f567805b000 ---p 00007000 08:01 525516                     /usr/lib/jvm/java-6-sun-1.6.0.15/jre/lib/amd64/jli/libjli.so
7f567805b000-7f567805d000 rwxp 00008000 08:01 525516                     /usr/lib/jvm/java-6-sun-1.6.0.15/jre/lib/amd64/jli/libjli.so
7f567805d000-7f567805e000 rwxp 00000000 00:00 0 
7f5678065000-7f5678066000 r-xp 00000000 08:01 526389                     /usr/lib/locale/en_US.utf8/LC_NUMERIC
7f5678066000-7f5678067000 r-xp 00000000 08:01 526365                     /usr/lib/locale/en_US.utf8/LC_TIME
7f5678067000-7f5678068000 r-xp 00000000 08:01 526359                     /usr/lib/locale/en_US.utf8/LC_MONETARY
7f5678068000-7f5678069000 r-xp 00000000 08:01 526213                     /usr/lib/locale/en_US.utf8/LC_MESSAGES/SYS_LC_MESSAGES
7f5678069000-7f567806a000 r-xp 00000000 08:01 526342                     /usr/lib/locale/en_US.utf8/LC_PAPER
7f567806a000-7f567806b000 r-xp 00000000 08:01 526208                     /usr/lib/locale/en_US.utf8/LC_NAME
7f567806b000-7f567806c000 r-xp 00000000 08:01 526358                     /usr/lib/locale/en_US.utf8/LC_ADDRESS
7f567806c000-7f567806d000 r-xp 00000000 08:01 526363                     /usr/lib/locale/en_US.utf8/LC_TELEPHONE
7f567806d000-7f567806e000 r-xp 00000000 08:01 526206                     /usr/lib/locale/en_US.utf8/LC_MEASUREMENT
7f567806e000-7f5678075000 r-xs 00000000 08:01 264368                     /usr/lib/gconv/gconv-modules.cache
7f5678075000-7f5678076000 r-xp 00000000 08:01 526361                     /usr/lib/locale/en_US.utf8/LC_IDENTIFICATION
7f5678076000-7f5678077000 rwxp 00000000 00:00 0 
7f5678077000-7f5678078000 r-xp 00000000 00:00 0 
7f5678078000-7f567807b000 rwxp 00000000 00:00 0 
7f567807b000-7f567807c000 r-xp 0001e000 08:01 809                        /lib/ld-2.10.1.so
7f567807c000-7f567807d000 rwxp 0001f000 08:01 809                        /lib/ld-2.10.1.so
7fffbedad000-7fffbedc2000 rwxp 00000000 00:00 0                          [stack]
7fffbedff000-7fffbee00000 r-xp 00000000 00:00 0                          [vdso]
ffffffffff600000-ffffffffff601000 r-xp 00000000 00:00 0                  [vsyscall]

VM Arguments:
jvm_args: -agentlib:jdwp=transport=dt_socket,suspend=y,address=localhost:44426 -Dfile.encoding=UTF-8 -Xbootclasspath:/home/cotryti/Tools/android-sdk-linux_86/platforms/android-3/android.jar 
java_command: no.ctryti.dagensatuio.SiOParser
Launcher Type: SUN_STANDARD

Environment Variables:
PATH=/usr/local/sbin:/usr/local/bin:/usr/sbin:/usr/bin:/sbin:/bin:/usr/games
USERNAME=cotryti
LD_LIBRARY_PATH=/usr/lib/jvm/java-6-sun-1.6.0.15/jre/lib/amd64/server:/usr/lib/jvm/java-6-sun-1.6.0.15/jre/lib/amd64:/usr/lib/jvm/java-6-sun-1.6.0.15/jre/../lib/amd64:/usr/lib64/xulrunner-addons
SHELL=/bin/bash
DISPLAY=:0.0

Signal Handlers:
SIGSEGV: [libjvm.so+0x6bdd00], sa_mask[0]=0x7ffbfeff, sa_flags=0x10000004
SIGBUS: [libjvm.so+0x6bdd00], sa_mask[0]=0x7ffbfeff, sa_flags=0x10000004
SIGFPE: [libjvm.so+0x594ed0], sa_mask[0]=0x7ffbfeff, sa_flags=0x10000004
SIGPIPE: [libjvm.so+0x594ed0], sa_mask[0]=0x7ffbfeff, sa_flags=0x10000004
SIGXFSZ: [libjvm.so+0x594ed0], sa_mask[0]=0x7ffbfeff, sa_flags=0x10000004
SIGILL: [libjvm.so+0x594ed0], sa_mask[0]=0x7ffbfeff, sa_flags=0x10000004
SIGUSR1: SIG_DFL, sa_mask[0]=0x00000000, sa_flags=0x00000000
SIGUSR2: [libjvm.so+0x597690], sa_mask[0]=0x00000004, sa_flags=0x10000004
SIGHUP: SIG_DFL, sa_mask[0]=0x00000000, sa_flags=0x00000000
SIGINT: SIG_DFL, sa_mask[0]=0x00000000, sa_flags=0x00000000
SIGTERM: SIG_DFL, sa_mask[0]=0x00000000, sa_flags=0x00000000
SIGQUIT: SIG_DFL, sa_mask[0]=0x00000000, sa_flags=0x00000000


---------------  S Y S T E M  ---------------

OS:squeeze/sid

uname:Linux 2.6.31-14-generic #48-Ubuntu SMP Fri Oct 16 14:05:01 UTC 2009 x86_64
libc:glibc 2.10.1 NPTL 2.10.1 
rlimit: STACK 8192k, CORE 0k, NPROC infinity, NOFILE 1024, AS infinity
load average:0.28 0.17 0.11

CPU:total 4 (4 cores per cpu, 1 threads per core) family 6 model 23 stepping 7, cmov, cx8, fxsr, mmx, sse, sse2, sse3, ssse3, sse4.1

Memory: 4k page, physical 4057744k(111856k free), swap 4095992k(4082588k free)

vm_info: Java HotSpot(TM) 64-Bit Server VM (14.1-b02) for linux-amd64 JRE (1.6.0_15-b03), built on Jul  2 2009 15:26:16 by "java_re" with gcc 3.2.2 (SuSE Linux)

time: Sat Mar 13 14:07:23 2010
elapsed time: 0 seconds

