#
# A fatal error has been detected by the Java Runtime Environment:
#
#  Internal Error (classFileParser.cpp:3075), pid=32565, tid=139664911796496
#  Error: ShouldNotReachHere()
#
# JRE version: 6.0_15-b03
# Java VM: Java HotSpot(TM) 64-Bit Server VM (14.1-b02 mixed mode linux-amd64 )
# If you would like to submit a bug report, please visit:
#   http://java.sun.com/webapps/bugreport/crash.jsp
#

---------------  T H R E A D  ---------------

Current thread (0x000000004108d800):  JavaThread "Unknown thread" [_thread_in_vm, id=32568, stack(0x00007f0645648000,0x00007f0645749000)]

Stack: [0x00007f0645648000,0x00007f0645749000],  sp=0x00007f06457473f0,  free space=1020k
Native frames: (J=compiled Java code, j=interpreted, Vv=VM code, C=native code)
V  [libjvm.so+0x6bd12f]
V  [libjvm.so+0x2be812]
V  [libjvm.so+0x254100]
V  [libjvm.so+0x25a395]
V  [libjvm.so+0x650deb]
V  [libjvm.so+0x64f162]
V  [libjvm.so+0x64e041]
V  [libjvm.so+0x64dca3]
V  [libjvm.so+0x652160]
V  [libjvm.so+0x6521f1]
V  [libjvm.so+0x6522c5]
V  [libjvm.so+0x652098]
V  [libjvm.so+0x695b68]
V  [libjvm.so+0x6977e9]
V  [libjvm.so+0x377c78]
V  [libjvm.so+0x67f4ef]
V  [libjvm.so+0x3dee90]


---------------  P R O C E S S  ---------------

Java Threads: ( => current thread )

Other Threads:

=>0x000000004108d800 (exited) JavaThread "Unknown thread" [_thread_in_vm, id=32568, stack(0x00007f0645648000,0x00007f0645749000)]

VM state:not at safepoint (not fully initialized)

VM Mutex/Monitor currently owned by a thread: None

Dynamic libraries:
40000000-40009000 r-xp 00000000 08:01 525420                             /usr/lib/jvm/java-6-sun-1.6.0.15/jre/bin/java
40108000-4010a000 rwxp 00008000 08:01 525420                             /usr/lib/jvm/java-6-sun-1.6.0.15/jre/bin/java
4107a000-410f5000 rwxp 00000000 00:00 0                                  [heap]
7f05fd800000-7f05fd846000 r-xs 002b3000 08:01 438514                     /home/cotryti/Tools/android-sdk-linux_86/platforms/android-3/android.jar
7f05fd846000-7f05fd847000 ---p 00000000 00:00 0 
7f05fd847000-7f05fd947000 rwxp 00000000 00:00 0 
7f05fd947000-7f05fd948000 ---p 00000000 00:00 0 
7f05fd948000-7f05fda48000 rwxp 00000000 00:00 0 
7f05fda48000-7f05fda49000 ---p 00000000 00:00 0 
7f05fda49000-7f05fdb49000 rwxp 00000000 00:00 0 
7f05fdb49000-7f05fdb4a000 ---p 00000000 00:00 0 
7f05fdb4a000-7f05fdc5f000 rwxp 00000000 00:00 0 
7f05fdc5f000-7f05fdd95000 rwxp 00000000 00:00 0 
7f05fdd95000-7f05fdda0000 rwxp 00000000 00:00 0 
7f05fdda0000-7f05fddbf000 rwxp 00000000 00:00 0 
7f05fddbf000-7f05fddd4000 rwxp 00000000 00:00 0 
7f05fddd4000-7f05fdf09000 rwxp 00000000 00:00 0 
7f05fdf09000-7f05fdf14000 rwxp 00000000 00:00 0 
7f05fdf14000-7f05fdfaf000 rwxp 00000000 00:00 0 
7f05fdfaf000-7f05ff470000 rwxp 00000000 00:00 0 
7f05ff470000-7f06033b0000 rwxp 00000000 00:00 0 
7f06033b0000-7f0605d00000 rwxp 00000000 00:00 0 
7f0605d00000-7f062c910000 rwxp 00000000 00:00 0 
7f062c910000-7f062ddb0000 rwxp 00000000 00:00 0 
7f062ddb0000-7f06413b0000 rwxp 00000000 00:00 0 
7f06413b9000-7f06413c3000 rwxp 00000000 00:00 0 
7f06413c3000-7f0641479000 rwxp 00000000 00:00 0 
7f0641479000-7f06416e9000 rwxp 00000000 00:00 0 
7f06416e9000-7f0644479000 rwxp 00000000 00:00 0 
7f0644479000-7f0644487000 r-xp 00000000 08:01 525514                     /usr/lib/jvm/java-6-sun-1.6.0.15/jre/lib/amd64/libzip.so
7f0644487000-7f0644589000 ---p 0000e000 08:01 525514                     /usr/lib/jvm/java-6-sun-1.6.0.15/jre/lib/amd64/libzip.so
7f0644589000-7f064458c000 rwxp 00010000 08:01 525514                     /usr/lib/jvm/java-6-sun-1.6.0.15/jre/lib/amd64/libzip.so
7f064458c000-7f064458d000 rwxp 00000000 00:00 0 
7f064458d000-7f0644599000 r-xp 00000000 08:01 835                        /lib/libnss_files-2.10.1.so
7f0644599000-7f0644798000 ---p 0000c000 08:01 835                        /lib/libnss_files-2.10.1.so
7f0644798000-7f0644799000 r-xp 0000b000 08:01 835                        /lib/libnss_files-2.10.1.so
7f0644799000-7f064479a000 rwxp 0000c000 08:01 835                        /lib/libnss_files-2.10.1.so
7f064479a000-7f06447a4000 r-xp 00000000 08:01 839                        /lib/libnss_nis-2.10.1.so
7f06447a4000-7f06449a3000 ---p 0000a000 08:01 839                        /lib/libnss_nis-2.10.1.so
7f06449a3000-7f06449a4000 r-xp 00009000 08:01 839                        /lib/libnss_nis-2.10.1.so
7f06449a4000-7f06449a5000 rwxp 0000a000 08:01 839                        /lib/libnss_nis-2.10.1.so
7f06449a5000-7f06449ac000 r-xp 00000000 08:01 831                        /lib/libnss_compat-2.10.1.so
7f06449ac000-7f0644bac000 ---p 00007000 08:01 831                        /lib/libnss_compat-2.10.1.so
7f0644bac000-7f0644bad000 r-xp 00007000 08:01 831                        /lib/libnss_compat-2.10.1.so
7f0644bad000-7f0644bae000 rwxp 00008000 08:01 831                        /lib/libnss_compat-2.10.1.so
7f0644bae000-7f0644c9b000 r-xp 00000000 08:01 526335                     /usr/lib/locale/en_US.utf8/LC_COLLATE
7f0644c9b000-7f0644c9e000 r-xp 00000000 08:01 525506                     /usr/lib/jvm/java-6-sun-1.6.0.15/jre/lib/amd64/libnpt.so
7f0644c9e000-7f0644d9d000 ---p 00003000 08:01 525506                     /usr/lib/jvm/java-6-sun-1.6.0.15/jre/lib/amd64/libnpt.so
7f0644d9d000-7f0644d9e000 rwxp 00002000 08:01 525506                     /usr/lib/jvm/java-6-sun-1.6.0.15/jre/lib/amd64/libnpt.so
7f0644d9e000-7f0644dd4000 r-xp 00000000 08:01 525494                     /usr/lib/jvm/java-6-sun-1.6.0.15/jre/lib/amd64/libjdwp.so
7f0644dd4000-7f0644ed3000 ---p 00036000 08:01 525494                     /usr/lib/jvm/java-6-sun-1.6.0.15/jre/lib/amd64/libjdwp.so
7f0644ed3000-7f0644edd000 rwxp 00035000 08:01 525494                     /usr/lib/jvm/java-6-sun-1.6.0.15/jre/lib/amd64/libjdwp.so
7f0644edd000-7f0644ee4000 r-xp 00000000 08:01 525518                     /usr/lib/jvm/java-6-sun-1.6.0.15/jre/lib/amd64/native_threads/libhpi.so
7f0644ee4000-7f0644fe5000 ---p 00007000 08:01 525518                     /usr/lib/jvm/java-6-sun-1.6.0.15/jre/lib/amd64/native_threads/libhpi.so
7f0644fe5000-7f0644fe7000 rwxp 00008000 08:01 525518                     /usr/lib/jvm/java-6-sun-1.6.0.15/jre/lib/amd64/native_threads/libhpi.so
7f0644fe7000-7f0644fe8000 rwxp 00000000 00:00 0 
7f0644fe8000-7f0644ffe000 r-xp 00000000 08:01 829                        /lib/libnsl-2.10.1.so
7f0644ffe000-7f06451fe000 ---p 00016000 08:01 829                        /lib/libnsl-2.10.1.so
7f06451fe000-7f06451ff000 r-xp 00016000 08:01 829                        /lib/libnsl-2.10.1.so
7f06451ff000-7f0645200000 rwxp 00017000 08:01 829                        /lib/libnsl-2.10.1.so
7f0645200000-7f0645202000 rwxp 00000000 00:00 0 
7f0645202000-7f064522b000 r-xp 00000000 08:01 525490                     /usr/lib/jvm/java-6-sun-1.6.0.15/jre/lib/amd64/libjava.so
7f064522b000-7f064532a000 ---p 00029000 08:01 525490                     /usr/lib/jvm/java-6-sun-1.6.0.15/jre/lib/amd64/libjava.so
7f064532a000-7f0645331000 rwxp 00028000 08:01 525490                     /usr/lib/jvm/java-6-sun-1.6.0.15/jre/lib/amd64/libjava.so
7f0645331000-7f064533e000 r-xp 00000000 08:01 525513                     /usr/lib/jvm/java-6-sun-1.6.0.15/jre/lib/amd64/libverify.so
7f064533e000-7f064543d000 ---p 0000d000 08:01 525513                     /usr/lib/jvm/java-6-sun-1.6.0.15/jre/lib/amd64/libverify.so
7f064543d000-7f0645440000 rwxp 0000c000 08:01 525513                     /usr/lib/jvm/java-6-sun-1.6.0.15/jre/lib/amd64/libverify.so
7f0645440000-7f0645447000 r-xp 00000000 08:01 846                        /lib/librt-2.10.1.so
7f0645447000-7f0645646000 ---p 00007000 08:01 846                        /lib/librt-2.10.1.so
7f0645646000-7f0645647000 r-xp 00006000 08:01 846                        /lib/librt-2.10.1.so
7f0645647000-7f0645648000 rwxp 00007000 08:01 846                        /lib/librt-2.10.1.so
7f0645648000-7f064564b000 ---p 00000000 00:00 0 
7f064564b000-7f0645749000 rwxp 00000000 00:00 0 
7f0645749000-7f06457cb000 r-xp 00000000 08:01 825                        /lib/libm-2.10.1.so
7f06457cb000-7f06459cb000 ---p 00082000 08:01 825                        /lib/libm-2.10.1.so
7f06459cb000-7f06459cc000 r-xp 00082000 08:01 825                        /lib/libm-2.10.1.so
7f06459cc000-7f06459cd000 rwxp 00083000 08:01 825                        /lib/libm-2.10.1.so
7f06459cd000-7f064612b000 r-xp 00000000 08:01 525521                     /usr/lib/jvm/java-6-sun-1.6.0.15/jre/lib/amd64/server/libjvm.so
7f064612b000-7f064622a000 ---p 0075e000 08:01 525521                     /usr/lib/jvm/java-6-sun-1.6.0.15/jre/lib/amd64/server/libjvm.so
7f064622a000-7f06463a2000 rwxp 0075d000 08:01 525521                     /usr/lib/jvm/java-6-sun-1.6.0.15/jre/lib/amd64/server/libjvm.so
7f06463a2000-7f06463e0000 rwxp 00000000 00:00 0 
7f06463e0000-7f0646546000 r-xp 00000000 08:01 817                        /lib/libc-2.10.1.so
7f0646546000-7f0646745000 ---p 00166000 08:01 817                        /lib/libc-2.10.1.so
7f0646745000-7f0646749000 r-xp 00165000 08:01 817                        /lib/libc-2.10.1.so
7f0646749000-7f064674a000 rwxp 00169000 08:01 817                        /lib/libc-2.10.1.so
7f064674a000-7f064674f000 rwxp 00000000 00:00 0 
7f064674f000-7f0646751000 r-xp 00000000 08:01 823                        /lib/libdl-2.10.1.so
7f0646751000-7f0646951000 ---p 00002000 08:01 823                        /lib/libdl-2.10.1.so
7f0646951000-7f0646952000 r-xp 00002000 08:01 823                        /lib/libdl-2.10.1.so
7f0646952000-7f0646953000 rwxp 00003000 08:01 823                        /lib/libdl-2.10.1.so
7f0646953000-7f064696a000 r-xp 00000000 08:01 844                        /lib/libpthread-2.10.1.so
7f064696a000-7f0646b69000 ---p 00017000 08:01 844                        /lib/libpthread-2.10.1.so
7f0646b69000-7f0646b6a000 r-xp 00016000 08:01 844                        /lib/libpthread-2.10.1.so
7f0646b6a000-7f0646b6b000 rwxp 00017000 08:01 844                        /lib/libpthread-2.10.1.so
7f0646b6b000-7f0646b6f000 rwxp 00000000 00:00 0 
7f0646b6f000-7f0646b8e000 r-xp 00000000 08:01 809                        /lib/ld-2.10.1.so
7f0646bca000-7f0646bfd000 rwxp 00000000 00:00 0 
7f0646bfd000-7f0646c1c000 rwxp 00000000 00:00 0 
7f0646c1c000-7f0646c24000 rwxs 00000000 08:01 1701                       /tmp/hsperfdata_cotryti/32565
7f0646c24000-7f0646c63000 r-xp 00000000 08:01 526336                     /usr/lib/locale/en_US.utf8/LC_CTYPE
7f0646c63000-7f0646c65000 rwxp 00000000 00:00 0 
7f0646c65000-7f0646c6c000 r-xp 00000000 08:01 525516                     /usr/lib/jvm/java-6-sun-1.6.0.15/jre/lib/amd64/jli/libjli.so
7f0646c6c000-7f0646d6d000 ---p 00007000 08:01 525516                     /usr/lib/jvm/java-6-sun-1.6.0.15/jre/lib/amd64/jli/libjli.so
7f0646d6d000-7f0646d6f000 rwxp 00008000 08:01 525516                     /usr/lib/jvm/java-6-sun-1.6.0.15/jre/lib/amd64/jli/libjli.so
7f0646d6f000-7f0646d70000 rwxp 00000000 00:00 0 
7f0646d77000-7f0646d78000 r-xp 00000000 08:01 526389                     /usr/lib/locale/en_US.utf8/LC_NUMERIC
7f0646d78000-7f0646d79000 r-xp 00000000 08:01 526365                     /usr/lib/locale/en_US.utf8/LC_TIME
7f0646d79000-7f0646d7a000 r-xp 00000000 08:01 526359                     /usr/lib/locale/en_US.utf8/LC_MONETARY
7f0646d7a000-7f0646d7b000 r-xp 00000000 08:01 526213                     /usr/lib/locale/en_US.utf8/LC_MESSAGES/SYS_LC_MESSAGES
7f0646d7b000-7f0646d7c000 r-xp 00000000 08:01 526342                     /usr/lib/locale/en_US.utf8/LC_PAPER
7f0646d7c000-7f0646d7d000 r-xp 00000000 08:01 526208                     /usr/lib/locale/en_US.utf8/LC_NAME
7f0646d7d000-7f0646d7e000 r-xp 00000000 08:01 526358                     /usr/lib/locale/en_US.utf8/LC_ADDRESS
7f0646d7e000-7f0646d7f000 r-xp 00000000 08:01 526363                     /usr/lib/locale/en_US.utf8/LC_TELEPHONE
7f0646d7f000-7f0646d80000 r-xp 00000000 08:01 526206                     /usr/lib/locale/en_US.utf8/LC_MEASUREMENT
7f0646d80000-7f0646d87000 r-xs 00000000 08:01 264368                     /usr/lib/gconv/gconv-modules.cache
7f0646d87000-7f0646d88000 r-xp 00000000 08:01 526361                     /usr/lib/locale/en_US.utf8/LC_IDENTIFICATION
7f0646d88000-7f0646d89000 rwxp 00000000 00:00 0 
7f0646d89000-7f0646d8a000 r-xp 00000000 00:00 0 
7f0646d8a000-7f0646d8d000 rwxp 00000000 00:00 0 
7f0646d8d000-7f0646d8e000 r-xp 0001e000 08:01 809                        /lib/ld-2.10.1.so
7f0646d8e000-7f0646d8f000 rwxp 0001f000 08:01 809                        /lib/ld-2.10.1.so
7fffc8617000-7fffc862c000 rwxp 00000000 00:00 0                          [stack]
7fffc86a5000-7fffc86a6000 r-xp 00000000 00:00 0                          [vdso]
ffffffffff600000-ffffffffff601000 r-xp 00000000 00:00 0                  [vsyscall]

VM Arguments:
jvm_args: -agentlib:jdwp=transport=dt_socket,suspend=y,address=localhost:54674 -Dfile.encoding=UTF-8 -Xbootclasspath:/home/cotryti/Tools/android-sdk-linux_86/platforms/android-3/android.jar 
java_command: no.ctryti.dagensatuio.SiOParser
Launcher Type: SUN_STANDARD

Environment Variables:
PATH=/usr/local/sbin:/usr/local/bin:/usr/sbin:/usr/bin:/sbin:/bin:/usr/games
USERNAME=cotryti
LD_LIBRARY_PATH=/usr/lib/jvm/java-6-sun-1.6.0.15/jre/lib/amd64/server:/usr/lib/jvm/java-6-sun-1.6.0.15/jre/lib/amd64:/usr/lib/jvm/java-6-sun-1.6.0.15/jre/../lib/amd64:/usr/lib64/xulrunner-addons
SHELL=/bin/bash
DISPLAY=:0.0

Signal Handlers:
SIGSEGV: [libjvm.so+0x6bdd00], sa_mask[0]=0x7ffbfeff, sa_flags=0x10000004
SIGBUS: [libjvm.so+0x6bdd00], sa_mask[0]=0x7ffbfeff, sa_flags=0x10000004
SIGFPE: [libjvm.so+0x594ed0], sa_mask[0]=0x7ffbfeff, sa_flags=0x10000004
SIGPIPE: [libjvm.so+0x594ed0], sa_mask[0]=0x7ffbfeff, sa_flags=0x10000004
SIGXFSZ: [libjvm.so+0x594ed0], sa_mask[0]=0x7ffbfeff, sa_flags=0x10000004
SIGILL: [libjvm.so+0x594ed0], sa_mask[0]=0x7ffbfeff, sa_flags=0x10000004
SIGUSR1: SIG_DFL, sa_mask[0]=0x00000000, sa_flags=0x00000000
SIGUSR2: [libjvm.so+0x597690], sa_mask[0]=0x00000004, sa_flags=0x10000004
SIGHUP: SIG_DFL, sa_mask[0]=0x00000000, sa_flags=0x00000000
SIGINT: SIG_DFL, sa_mask[0]=0x00000000, sa_flags=0x00000000
SIGTERM: SIG_DFL, sa_mask[0]=0x00000000, sa_flags=0x00000000
SIGQUIT: SIG_DFL, sa_mask[0]=0x00000000, sa_flags=0x00000000


---------------  S Y S T E M  ---------------

OS:squeeze/sid

uname:Linux 2.6.31-14-generic #48-Ubuntu SMP Fri Oct 16 14:05:01 UTC 2009 x86_64
libc:glibc 2.10.1 NPTL 2.10.1 
rlimit: STACK 8192k, CORE 0k, NPROC infinity, NOFILE 1024, AS infinity
load average:0.10 0.14 0.10

CPU:total 4 (4 cores per cpu, 1 threads per core) family 6 model 23 stepping 7, cmov, cx8, fxsr, mmx, sse, sse2, sse3, ssse3, sse4.1

Memory: 4k page, physical 4057744k(107872k free), swap 4095992k(4082588k free)

vm_info: Java HotSpot(TM) 64-Bit Server VM (14.1-b02) for linux-amd64 JRE (1.6.0_15-b03), built on Jul  2 2009 15:26:16 by "java_re" with gcc 3.2.2 (SuSE Linux)

time: Sat Mar 13 14:08:21 2010
elapsed time: 0 seconds

