#
# A fatal error has been detected by the Java Runtime Environment:
#
#  Internal Error (classFileParser.cpp:3075), pid=27881, tid=139635783813392
#  Error: ShouldNotReachHere()
#
# JRE version: 6.0_15-b03
# Java VM: Java HotSpot(TM) 64-Bit Server VM (14.1-b02 mixed mode linux-amd64 )
# If you would like to submit a bug report, please visit:
#   http://java.sun.com/webapps/bugreport/crash.jsp
#

---------------  T H R E A D  ---------------

Current thread (0x0000000041996800):  JavaThread "Unknown thread" [_thread_in_vm, id=27882, stack(0x00007eff7d3ac000,0x00007eff7d4ad000)]

Stack: [0x00007eff7d3ac000,0x00007eff7d4ad000],  sp=0x00007eff7d4ab3f0,  free space=1020k
Native frames: (J=compiled Java code, j=interpreted, Vv=VM code, C=native code)
V  [libjvm.so+0x6bd12f]
V  [libjvm.so+0x2be812]
V  [libjvm.so+0x254100]
V  [libjvm.so+0x25a395]
V  [libjvm.so+0x650deb]
V  [libjvm.so+0x64f162]
V  [libjvm.so+0x64e041]
V  [libjvm.so+0x64dca3]
V  [libjvm.so+0x652160]
V  [libjvm.so+0x6521f1]
V  [libjvm.so+0x6522c5]
V  [libjvm.so+0x652098]
V  [libjvm.so+0x695b68]
V  [libjvm.so+0x6977e9]
V  [libjvm.so+0x377c78]
V  [libjvm.so+0x67f4ef]
V  [libjvm.so+0x3dee90]


---------------  P R O C E S S  ---------------

Java Threads: ( => current thread )

Other Threads:

=>0x0000000041996800 (exited) JavaThread "Unknown thread" [_thread_in_vm, id=27882, stack(0x00007eff7d3ac000,0x00007eff7d4ad000)]

VM state:not at safepoint (not fully initialized)

VM Mutex/Monitor currently owned by a thread: None

Dynamic libraries:
40000000-40009000 r-xp 00000000 08:01 525420                             /usr/lib/jvm/java-6-sun-1.6.0.15/jre/bin/java
40108000-4010a000 rwxp 00008000 08:01 525420                             /usr/lib/jvm/java-6-sun-1.6.0.15/jre/bin/java
4198e000-419fa000 rwxp 00000000 00:00 0                                  [heap]
7eff358fe000-7eff35944000 r-xs 002b3000 08:01 438514                     /home/cotryti/Tools/android-sdk-linux_86/platforms/android-3/android.jar
7eff35944000-7eff3596c000 rwxp 00000000 00:00 0 
7eff3596c000-7eff3596d000 ---p 00000000 00:00 0 
7eff3596d000-7eff35a6d000 rwxp 00000000 00:00 0 
7eff35a6d000-7eff35a6e000 ---p 00000000 00:00 0 
7eff35a6e000-7eff35b6e000 rwxp 00000000 00:00 0 
7eff35b6e000-7eff35b6f000 ---p 00000000 00:00 0 
7eff35b6f000-7eff35c6f000 rwxp 00000000 00:00 0 
7eff35c6f000-7eff35c70000 ---p 00000000 00:00 0 
7eff35c70000-7eff35d7b000 rwxp 00000000 00:00 0 
7eff35d7b000-7eff35d9a000 rwxp 00000000 00:00 0 
7eff35d9a000-7eff35daf000 rwxp 00000000 00:00 0 
7eff35daf000-7eff35ee5000 rwxp 00000000 00:00 0 
7eff35ee5000-7eff35ef0000 rwxp 00000000 00:00 0 
7eff35ef0000-7eff35f0f000 rwxp 00000000 00:00 0 
7eff35f0f000-7eff35f24000 rwxp 00000000 00:00 0 
7eff35f24000-7eff36059000 rwxp 00000000 00:00 0 
7eff36059000-7eff36064000 rwxp 00000000 00:00 0 
7eff36064000-7eff360ff000 rwxp 00000000 00:00 0 
7eff360ff000-7eff375c0000 rwxp 00000000 00:00 0 
7eff375c0000-7eff3b500000 rwxp 00000000 00:00 0 
7eff3b500000-7eff3de50000 rwxp 00000000 00:00 0 
7eff3de50000-7eff64a60000 rwxp 00000000 00:00 0 
7eff64a60000-7eff65f00000 rwxp 00000000 00:00 0 
7eff65f00000-7eff79500000 rwxp 00000000 00:00 0 
7eff7950c000-7eff7977c000 rwxp 00000000 00:00 0 
7eff7977c000-7eff7c50c000 rwxp 00000000 00:00 0 
7eff7c50c000-7eff7c51a000 r-xp 00000000 08:01 525514                     /usr/lib/jvm/java-6-sun-1.6.0.15/jre/lib/amd64/libzip.so
7eff7c51a000-7eff7c61c000 ---p 0000e000 08:01 525514                     /usr/lib/jvm/java-6-sun-1.6.0.15/jre/lib/amd64/libzip.so
7eff7c61c000-7eff7c61f000 rwxp 00010000 08:01 525514                     /usr/lib/jvm/java-6-sun-1.6.0.15/jre/lib/amd64/libzip.so
7eff7c61f000-7eff7c620000 rwxp 00000000 00:00 0 
7eff7c620000-7eff7c62c000 r-xp 00000000 08:01 835                        /lib/libnss_files-2.10.1.so
7eff7c62c000-7eff7c82b000 ---p 0000c000 08:01 835                        /lib/libnss_files-2.10.1.so
7eff7c82b000-7eff7c82c000 r-xp 0000b000 08:01 835                        /lib/libnss_files-2.10.1.so
7eff7c82c000-7eff7c82d000 rwxp 0000c000 08:01 835                        /lib/libnss_files-2.10.1.so
7eff7c82d000-7eff7c837000 r-xp 00000000 08:01 839                        /lib/libnss_nis-2.10.1.so
7eff7c837000-7eff7ca36000 ---p 0000a000 08:01 839                        /lib/libnss_nis-2.10.1.so
7eff7ca36000-7eff7ca37000 r-xp 00009000 08:01 839                        /lib/libnss_nis-2.10.1.so
7eff7ca37000-7eff7ca38000 rwxp 0000a000 08:01 839                        /lib/libnss_nis-2.10.1.so
7eff7ca38000-7eff7ca3f000 r-xp 00000000 08:01 831                        /lib/libnss_compat-2.10.1.so
7eff7ca3f000-7eff7cc3f000 ---p 00007000 08:01 831                        /lib/libnss_compat-2.10.1.so
7eff7cc3f000-7eff7cc40000 r-xp 00007000 08:01 831                        /lib/libnss_compat-2.10.1.so
7eff7cc40000-7eff7cc41000 rwxp 00008000 08:01 831                        /lib/libnss_compat-2.10.1.so
7eff7cc41000-7eff7cc48000 r-xp 00000000 08:01 525518                     /usr/lib/jvm/java-6-sun-1.6.0.15/jre/lib/amd64/native_threads/libhpi.so
7eff7cc48000-7eff7cd49000 ---p 00007000 08:01 525518                     /usr/lib/jvm/java-6-sun-1.6.0.15/jre/lib/amd64/native_threads/libhpi.so
7eff7cd49000-7eff7cd4b000 rwxp 00008000 08:01 525518                     /usr/lib/jvm/java-6-sun-1.6.0.15/jre/lib/amd64/native_threads/libhpi.so
7eff7cd4b000-7eff7cd4c000 rwxp 00000000 00:00 0 
7eff7cd4c000-7eff7cd62000 r-xp 00000000 08:01 829                        /lib/libnsl-2.10.1.so
7eff7cd62000-7eff7cf62000 ---p 00016000 08:01 829                        /lib/libnsl-2.10.1.so
7eff7cf62000-7eff7cf63000 r-xp 00016000 08:01 829                        /lib/libnsl-2.10.1.so
7eff7cf63000-7eff7cf64000 rwxp 00017000 08:01 829                        /lib/libnsl-2.10.1.so
7eff7cf64000-7eff7cf66000 rwxp 00000000 00:00 0 
7eff7cf66000-7eff7cf8f000 r-xp 00000000 08:01 525490                     /usr/lib/jvm/java-6-sun-1.6.0.15/jre/lib/amd64/libjava.so
7eff7cf8f000-7eff7d08e000 ---p 00029000 08:01 525490                     /usr/lib/jvm/java-6-sun-1.6.0.15/jre/lib/amd64/libjava.so
7eff7d08e000-7eff7d095000 rwxp 00028000 08:01 525490                     /usr/lib/jvm/java-6-sun-1.6.0.15/jre/lib/amd64/libjava.so
7eff7d095000-7eff7d0a2000 r-xp 00000000 08:01 525513                     /usr/lib/jvm/java-6-sun-1.6.0.15/jre/lib/amd64/libverify.so
7eff7d0a2000-7eff7d1a1000 ---p 0000d000 08:01 525513                     /usr/lib/jvm/java-6-sun-1.6.0.15/jre/lib/amd64/libverify.so
7eff7d1a1000-7eff7d1a4000 rwxp 0000c000 08:01 525513                     /usr/lib/jvm/java-6-sun-1.6.0.15/jre/lib/amd64/libverify.so
7eff7d1a4000-7eff7d1ab000 r-xp 00000000 08:01 846                        /lib/librt-2.10.1.so
7eff7d1ab000-7eff7d3aa000 ---p 00007000 08:01 846                        /lib/librt-2.10.1.so
7eff7d3aa000-7eff7d3ab000 r-xp 00006000 08:01 846                        /lib/librt-2.10.1.so
7eff7d3ab000-7eff7d3ac000 rwxp 00007000 08:01 846                        /lib/librt-2.10.1.so
7eff7d3ac000-7eff7d3af000 ---p 00000000 00:00 0 
7eff7d3af000-7eff7d4ad000 rwxp 00000000 00:00 0 
7eff7d4ad000-7eff7d52f000 r-xp 00000000 08:01 825                        /lib/libm-2.10.1.so
7eff7d52f000-7eff7d72f000 ---p 00082000 08:01 825                        /lib/libm-2.10.1.so
7eff7d72f000-7eff7d730000 r-xp 00082000 08:01 825                        /lib/libm-2.10.1.so
7eff7d730000-7eff7d731000 rwxp 00083000 08:01 825                        /lib/libm-2.10.1.so
7eff7d731000-7eff7de8f000 r-xp 00000000 08:01 525521                     /usr/lib/jvm/java-6-sun-1.6.0.15/jre/lib/amd64/server/libjvm.so
7eff7de8f000-7eff7df8e000 ---p 0075e000 08:01 525521                     /usr/lib/jvm/java-6-sun-1.6.0.15/jre/lib/amd64/server/libjvm.so
7eff7df8e000-7eff7e106000 rwxp 0075d000 08:01 525521                     /usr/lib/jvm/java-6-sun-1.6.0.15/jre/lib/amd64/server/libjvm.so
7eff7e106000-7eff7e144000 rwxp 00000000 00:00 0 
7eff7e144000-7eff7e2aa000 r-xp 00000000 08:01 817                        /lib/libc-2.10.1.so
7eff7e2aa000-7eff7e4a9000 ---p 00166000 08:01 817                        /lib/libc-2.10.1.so
7eff7e4a9000-7eff7e4ad000 r-xp 00165000 08:01 817                        /lib/libc-2.10.1.so
7eff7e4ad000-7eff7e4ae000 rwxp 00169000 08:01 817                        /lib/libc-2.10.1.so
7eff7e4ae000-7eff7e4b3000 rwxp 00000000 00:00 0 
7eff7e4b3000-7eff7e4b5000 r-xp 00000000 08:01 823                        /lib/libdl-2.10.1.so
7eff7e4b5000-7eff7e6b5000 ---p 00002000 08:01 823                        /lib/libdl-2.10.1.so
7eff7e6b5000-7eff7e6b6000 r-xp 00002000 08:01 823                        /lib/libdl-2.10.1.so
7eff7e6b6000-7eff7e6b7000 rwxp 00003000 08:01 823                        /lib/libdl-2.10.1.so
7eff7e6b7000-7eff7e6ce000 r-xp 00000000 08:01 844                        /lib/libpthread-2.10.1.so
7eff7e6ce000-7eff7e8cd000 ---p 00017000 08:01 844                        /lib/libpthread-2.10.1.so
7eff7e8cd000-7eff7e8ce000 r-xp 00016000 08:01 844                        /lib/libpthread-2.10.1.so
7eff7e8ce000-7eff7e8cf000 rwxp 00017000 08:01 844                        /lib/libpthread-2.10.1.so
7eff7e8cf000-7eff7e8d3000 rwxp 00000000 00:00 0 
7eff7e8d3000-7eff7e8f2000 r-xp 00000000 08:01 809                        /lib/ld-2.10.1.so
7eff7e907000-7eff7e911000 rwxp 00000000 00:00 0 
7eff7e911000-7eff7e9c7000 rwxp 00000000 00:00 0 
7eff7e9c7000-7eff7e9c9000 rwxp 00000000 00:00 0 
7eff7e9c9000-7eff7e9d0000 r-xp 00000000 08:01 525516                     /usr/lib/jvm/java-6-sun-1.6.0.15/jre/lib/amd64/jli/libjli.so
7eff7e9d0000-7eff7ead1000 ---p 00007000 08:01 525516                     /usr/lib/jvm/java-6-sun-1.6.0.15/jre/lib/amd64/jli/libjli.so
7eff7ead1000-7eff7ead3000 rwxp 00008000 08:01 525516                     /usr/lib/jvm/java-6-sun-1.6.0.15/jre/lib/amd64/jli/libjli.so
7eff7ead3000-7eff7ead4000 rwxp 00000000 00:00 0 
7eff7eae4000-7eff7eaec000 rwxs 00000000 08:01 1701                       /tmp/hsperfdata_cotryti/27881
7eff7eaec000-7eff7eaed000 rwxp 00000000 00:00 0 
7eff7eaed000-7eff7eaee000 r-xp 00000000 00:00 0 
7eff7eaee000-7eff7eaf1000 rwxp 00000000 00:00 0 
7eff7eaf1000-7eff7eaf2000 r-xp 0001e000 08:01 809                        /lib/ld-2.10.1.so
7eff7eaf2000-7eff7eaf3000 rwxp 0001f000 08:01 809                        /lib/ld-2.10.1.so
7fffa828b000-7fffa82a0000 rwxp 00000000 00:00 0                          [stack]
7fffa83ff000-7fffa8400000 r-xp 00000000 00:00 0                          [vdso]
ffffffffff600000-ffffffffff601000 r-xp 00000000 00:00 0                  [vsyscall]

VM Arguments:
jvm_args: -Dfile.encoding=UTF-8 -Xbootclasspath:/home/cotryti/Tools/android-sdk-linux_86/platforms/android-3/android.jar 
java_command: no.ctryti.dagensatuio.SiOParser
Launcher Type: SUN_STANDARD

Environment Variables:
PATH=/usr/local/sbin:/usr/local/bin:/usr/sbin:/usr/bin:/sbin:/bin:/usr/games
USERNAME=cotryti
LD_LIBRARY_PATH=/usr/lib/jvm/java-6-sun-1.6.0.15/jre/lib/amd64/server:/usr/lib/jvm/java-6-sun-1.6.0.15/jre/lib/amd64:/usr/lib/jvm/java-6-sun-1.6.0.15/jre/../lib/amd64:/usr/lib64/xulrunner-addons
SHELL=/bin/bash
DISPLAY=:0.0

Signal Handlers:
SIGSEGV: [libjvm.so+0x6bdd00], sa_mask[0]=0x7ffbfeff, sa_flags=0x10000004
SIGBUS: [libjvm.so+0x6bdd00], sa_mask[0]=0x7ffbfeff, sa_flags=0x10000004
SIGFPE: [libjvm.so+0x594ed0], sa_mask[0]=0x7ffbfeff, sa_flags=0x10000004
SIGPIPE: [libjvm.so+0x594ed0], sa_mask[0]=0x7ffbfeff, sa_flags=0x10000004
SIGXFSZ: [libjvm.so+0x594ed0], sa_mask[0]=0x7ffbfeff, sa_flags=0x10000004
SIGILL: [libjvm.so+0x594ed0], sa_mask[0]=0x7ffbfeff, sa_flags=0x10000004
SIGUSR1: SIG_DFL, sa_mask[0]=0x00000000, sa_flags=0x00000000
SIGUSR2: [libjvm.so+0x597690], sa_mask[0]=0x00000004, sa_flags=0x10000004
SIGHUP: SIG_DFL, sa_mask[0]=0x00000000, sa_flags=0x00000000
SIGINT: SIG_DFL, sa_mask[0]=0x00000000, sa_flags=0x00000000
SIGTERM: SIG_DFL, sa_mask[0]=0x00000000, sa_flags=0x00000000
SIGQUIT: SIG_DFL, sa_mask[0]=0x00000000, sa_flags=0x00000000


---------------  S Y S T E M  ---------------

OS:squeeze/sid

uname:Linux 2.6.31-14-generic #48-Ubuntu SMP Fri Oct 16 14:05:01 UTC 2009 x86_64
libc:glibc 2.10.1 NPTL 2.10.1 
rlimit: STACK 8192k, CORE 0k, NPROC infinity, NOFILE 1024, AS infinity
load average:0.03 0.05 0.06

CPU:total 4 (4 cores per cpu, 1 threads per core) family 6 model 23 stepping 7, cmov, cx8, fxsr, mmx, sse, sse2, sse3, ssse3, sse4.1

Memory: 4k page, physical 4057744k(449308k free), swap 4095992k(4082548k free)

vm_info: Java HotSpot(TM) 64-Bit Server VM (14.1-b02) for linux-amd64 JRE (1.6.0_15-b03), built on Jul  2 2009 15:26:16 by "java_re" with gcc 3.2.2 (SuSE Linux)

time: Sat Mar 13 10:54:01 2010
elapsed time: 0 seconds

