#
# A fatal error has been detected by the Java Runtime Environment:
#
#  Internal Error (classFileParser.cpp:3075), pid=32540, tid=140334285494544
#  Error: ShouldNotReachHere()
#
# JRE version: 6.0_15-b03
# Java VM: Java HotSpot(TM) 64-Bit Server VM (14.1-b02 mixed mode linux-amd64 )
# If you would like to submit a bug report, please visit:
#   http://java.sun.com/webapps/bugreport/crash.jsp
#

---------------  T H R E A D  ---------------

Current thread (0x0000000040713800):  JavaThread "Unknown thread" [_thread_in_vm, id=32541, stack(0x00007fa21f2c9000,0x00007fa21f3ca000)]

Stack: [0x00007fa21f2c9000,0x00007fa21f3ca000],  sp=0x00007fa21f3c83f0,  free space=1020k
Native frames: (J=compiled Java code, j=interpreted, Vv=VM code, C=native code)
V  [libjvm.so+0x6bd12f]
V  [libjvm.so+0x2be812]
V  [libjvm.so+0x254100]
V  [libjvm.so+0x25a395]
V  [libjvm.so+0x650deb]
V  [libjvm.so+0x64f162]
V  [libjvm.so+0x64e041]
V  [libjvm.so+0x64dca3]
V  [libjvm.so+0x652160]
V  [libjvm.so+0x6521f1]
V  [libjvm.so+0x6522c5]
V  [libjvm.so+0x652098]
V  [libjvm.so+0x695b68]
V  [libjvm.so+0x6977e9]
V  [libjvm.so+0x377c78]
V  [libjvm.so+0x67f4ef]
V  [libjvm.so+0x3dee90]


---------------  P R O C E S S  ---------------

Java Threads: ( => current thread )

Other Threads:

=>0x0000000040713800 (exited) JavaThread "Unknown thread" [_thread_in_vm, id=32541, stack(0x00007fa21f2c9000,0x00007fa21f3ca000)]

VM state:not at safepoint (not fully initialized)

VM Mutex/Monitor currently owned by a thread: None

Dynamic libraries:
40000000-40009000 r-xp 00000000 08:01 525420                             /usr/lib/jvm/java-6-sun-1.6.0.15/jre/bin/java
40108000-4010a000 rwxp 00008000 08:01 525420                             /usr/lib/jvm/java-6-sun-1.6.0.15/jre/bin/java
40700000-4077b000 rwxp 00000000 00:00 0                                  [heap]
7fa1d7480000-7fa1d74c6000 r-xs 002b3000 08:01 438514                     /home/cotryti/Tools/android-sdk-linux_86/platforms/android-3/android.jar
7fa1d74c6000-7fa1d74c7000 ---p 00000000 00:00 0 
7fa1d74c7000-7fa1d75c7000 rwxp 00000000 00:00 0 
7fa1d75c7000-7fa1d75c8000 ---p 00000000 00:00 0 
7fa1d75c8000-7fa1d76c8000 rwxp 00000000 00:00 0 
7fa1d76c8000-7fa1d76c9000 ---p 00000000 00:00 0 
7fa1d76c9000-7fa1d77c9000 rwxp 00000000 00:00 0 
7fa1d77c9000-7fa1d77ca000 ---p 00000000 00:00 0 
7fa1d77ca000-7fa1d78df000 rwxp 00000000 00:00 0 
7fa1d78df000-7fa1d7a15000 rwxp 00000000 00:00 0 
7fa1d7a15000-7fa1d7a20000 rwxp 00000000 00:00 0 
7fa1d7a20000-7fa1d7a3f000 rwxp 00000000 00:00 0 
7fa1d7a3f000-7fa1d7a54000 rwxp 00000000 00:00 0 
7fa1d7a54000-7fa1d7b89000 rwxp 00000000 00:00 0 
7fa1d7b89000-7fa1d7b94000 rwxp 00000000 00:00 0 
7fa1d7b94000-7fa1d7c2f000 rwxp 00000000 00:00 0 
7fa1d7c2f000-7fa1d90f0000 rwxp 00000000 00:00 0 
7fa1d90f0000-7fa1dd030000 rwxp 00000000 00:00 0 
7fa1dd030000-7fa1df980000 rwxp 00000000 00:00 0 
7fa1df980000-7fa206590000 rwxp 00000000 00:00 0 
7fa206590000-7fa207a30000 rwxp 00000000 00:00 0 
7fa207a30000-7fa21b030000 rwxp 00000000 00:00 0 
7fa21b03a000-7fa21b044000 rwxp 00000000 00:00 0 
7fa21b044000-7fa21b0fa000 rwxp 00000000 00:00 0 
7fa21b0fa000-7fa21b36a000 rwxp 00000000 00:00 0 
7fa21b36a000-7fa21e0fa000 rwxp 00000000 00:00 0 
7fa21e0fa000-7fa21e108000 r-xp 00000000 08:01 525514                     /usr/lib/jvm/java-6-sun-1.6.0.15/jre/lib/amd64/libzip.so
7fa21e108000-7fa21e20a000 ---p 0000e000 08:01 525514                     /usr/lib/jvm/java-6-sun-1.6.0.15/jre/lib/amd64/libzip.so
7fa21e20a000-7fa21e20d000 rwxp 00010000 08:01 525514                     /usr/lib/jvm/java-6-sun-1.6.0.15/jre/lib/amd64/libzip.so
7fa21e20d000-7fa21e20e000 rwxp 00000000 00:00 0 
7fa21e20e000-7fa21e21a000 r-xp 00000000 08:01 835                        /lib/libnss_files-2.10.1.so
7fa21e21a000-7fa21e419000 ---p 0000c000 08:01 835                        /lib/libnss_files-2.10.1.so
7fa21e419000-7fa21e41a000 r-xp 0000b000 08:01 835                        /lib/libnss_files-2.10.1.so
7fa21e41a000-7fa21e41b000 rwxp 0000c000 08:01 835                        /lib/libnss_files-2.10.1.so
7fa21e41b000-7fa21e425000 r-xp 00000000 08:01 839                        /lib/libnss_nis-2.10.1.so
7fa21e425000-7fa21e624000 ---p 0000a000 08:01 839                        /lib/libnss_nis-2.10.1.so
7fa21e624000-7fa21e625000 r-xp 00009000 08:01 839                        /lib/libnss_nis-2.10.1.so
7fa21e625000-7fa21e626000 rwxp 0000a000 08:01 839                        /lib/libnss_nis-2.10.1.so
7fa21e626000-7fa21e62d000 r-xp 00000000 08:01 831                        /lib/libnss_compat-2.10.1.so
7fa21e62d000-7fa21e82d000 ---p 00007000 08:01 831                        /lib/libnss_compat-2.10.1.so
7fa21e82d000-7fa21e82e000 r-xp 00007000 08:01 831                        /lib/libnss_compat-2.10.1.so
7fa21e82e000-7fa21e82f000 rwxp 00008000 08:01 831                        /lib/libnss_compat-2.10.1.so
7fa21e82f000-7fa21e91c000 r-xp 00000000 08:01 526335                     /usr/lib/locale/en_US.utf8/LC_COLLATE
7fa21e91c000-7fa21e91f000 r-xp 00000000 08:01 525506                     /usr/lib/jvm/java-6-sun-1.6.0.15/jre/lib/amd64/libnpt.so
7fa21e91f000-7fa21ea1e000 ---p 00003000 08:01 525506                     /usr/lib/jvm/java-6-sun-1.6.0.15/jre/lib/amd64/libnpt.so
7fa21ea1e000-7fa21ea1f000 rwxp 00002000 08:01 525506                     /usr/lib/jvm/java-6-sun-1.6.0.15/jre/lib/amd64/libnpt.so
7fa21ea1f000-7fa21ea55000 r-xp 00000000 08:01 525494                     /usr/lib/jvm/java-6-sun-1.6.0.15/jre/lib/amd64/libjdwp.so
7fa21ea55000-7fa21eb54000 ---p 00036000 08:01 525494                     /usr/lib/jvm/java-6-sun-1.6.0.15/jre/lib/amd64/libjdwp.so
7fa21eb54000-7fa21eb5e000 rwxp 00035000 08:01 525494                     /usr/lib/jvm/java-6-sun-1.6.0.15/jre/lib/amd64/libjdwp.so
7fa21eb5e000-7fa21eb65000 r-xp 00000000 08:01 525518                     /usr/lib/jvm/java-6-sun-1.6.0.15/jre/lib/amd64/native_threads/libhpi.so
7fa21eb65000-7fa21ec66000 ---p 00007000 08:01 525518                     /usr/lib/jvm/java-6-sun-1.6.0.15/jre/lib/amd64/native_threads/libhpi.so
7fa21ec66000-7fa21ec68000 rwxp 00008000 08:01 525518                     /usr/lib/jvm/java-6-sun-1.6.0.15/jre/lib/amd64/native_threads/libhpi.so
7fa21ec68000-7fa21ec69000 rwxp 00000000 00:00 0 
7fa21ec69000-7fa21ec7f000 r-xp 00000000 08:01 829                        /lib/libnsl-2.10.1.so
7fa21ec7f000-7fa21ee7f000 ---p 00016000 08:01 829                        /lib/libnsl-2.10.1.so
7fa21ee7f000-7fa21ee80000 r-xp 00016000 08:01 829                        /lib/libnsl-2.10.1.so
7fa21ee80000-7fa21ee81000 rwxp 00017000 08:01 829                        /lib/libnsl-2.10.1.so
7fa21ee81000-7fa21ee83000 rwxp 00000000 00:00 0 
7fa21ee83000-7fa21eeac000 r-xp 00000000 08:01 525490                     /usr/lib/jvm/java-6-sun-1.6.0.15/jre/lib/amd64/libjava.so
7fa21eeac000-7fa21efab000 ---p 00029000 08:01 525490                     /usr/lib/jvm/java-6-sun-1.6.0.15/jre/lib/amd64/libjava.so
7fa21efab000-7fa21efb2000 rwxp 00028000 08:01 525490                     /usr/lib/jvm/java-6-sun-1.6.0.15/jre/lib/amd64/libjava.so
7fa21efb2000-7fa21efbf000 r-xp 00000000 08:01 525513                     /usr/lib/jvm/java-6-sun-1.6.0.15/jre/lib/amd64/libverify.so
7fa21efbf000-7fa21f0be000 ---p 0000d000 08:01 525513                     /usr/lib/jvm/java-6-sun-1.6.0.15/jre/lib/amd64/libverify.so
7fa21f0be000-7fa21f0c1000 rwxp 0000c000 08:01 525513                     /usr/lib/jvm/java-6-sun-1.6.0.15/jre/lib/amd64/libverify.so
7fa21f0c1000-7fa21f0c8000 r-xp 00000000 08:01 846                        /lib/librt-2.10.1.so
7fa21f0c8000-7fa21f2c7000 ---p 00007000 08:01 846                        /lib/librt-2.10.1.so
7fa21f2c7000-7fa21f2c8000 r-xp 00006000 08:01 846                        /lib/librt-2.10.1.so
7fa21f2c8000-7fa21f2c9000 rwxp 00007000 08:01 846                        /lib/librt-2.10.1.so
7fa21f2c9000-7fa21f2cc000 ---p 00000000 00:00 0 
7fa21f2cc000-7fa21f3ca000 rwxp 00000000 00:00 0 
7fa21f3ca000-7fa21f44c000 r-xp 00000000 08:01 825                        /lib/libm-2.10.1.so
7fa21f44c000-7fa21f64c000 ---p 00082000 08:01 825                        /lib/libm-2.10.1.so
7fa21f64c000-7fa21f64d000 r-xp 00082000 08:01 825                        /lib/libm-2.10.1.so
7fa21f64d000-7fa21f64e000 rwxp 00083000 08:01 825                        /lib/libm-2.10.1.so
7fa21f64e000-7fa21fdac000 r-xp 00000000 08:01 525521                     /usr/lib/jvm/java-6-sun-1.6.0.15/jre/lib/amd64/server/libjvm.so
7fa21fdac000-7fa21feab000 ---p 0075e000 08:01 525521                     /usr/lib/jvm/java-6-sun-1.6.0.15/jre/lib/amd64/server/libjvm.so
7fa21feab000-7fa220023000 rwxp 0075d000 08:01 525521                     /usr/lib/jvm/java-6-sun-1.6.0.15/jre/lib/amd64/server/libjvm.so
7fa220023000-7fa220061000 rwxp 00000000 00:00 0 
7fa220061000-7fa2201c7000 r-xp 00000000 08:01 817                        /lib/libc-2.10.1.so
7fa2201c7000-7fa2203c6000 ---p 00166000 08:01 817                        /lib/libc-2.10.1.so
7fa2203c6000-7fa2203ca000 r-xp 00165000 08:01 817                        /lib/libc-2.10.1.so
7fa2203ca000-7fa2203cb000 rwxp 00169000 08:01 817                        /lib/libc-2.10.1.so
7fa2203cb000-7fa2203d0000 rwxp 00000000 00:00 0 
7fa2203d0000-7fa2203d2000 r-xp 00000000 08:01 823                        /lib/libdl-2.10.1.so
7fa2203d2000-7fa2205d2000 ---p 00002000 08:01 823                        /lib/libdl-2.10.1.so
7fa2205d2000-7fa2205d3000 r-xp 00002000 08:01 823                        /lib/libdl-2.10.1.so
7fa2205d3000-7fa2205d4000 rwxp 00003000 08:01 823                        /lib/libdl-2.10.1.so
7fa2205d4000-7fa2205eb000 r-xp 00000000 08:01 844                        /lib/libpthread-2.10.1.so
7fa2205eb000-7fa2207ea000 ---p 00017000 08:01 844                        /lib/libpthread-2.10.1.so
7fa2207ea000-7fa2207eb000 r-xp 00016000 08:01 844                        /lib/libpthread-2.10.1.so
7fa2207eb000-7fa2207ec000 rwxp 00017000 08:01 844                        /lib/libpthread-2.10.1.so
7fa2207ec000-7fa2207f0000 rwxp 00000000 00:00 0 
7fa2207f0000-7fa22080f000 r-xp 00000000 08:01 809                        /lib/ld-2.10.1.so
7fa22084b000-7fa22087e000 rwxp 00000000 00:00 0 
7fa22087e000-7fa22089d000 rwxp 00000000 00:00 0 
7fa22089d000-7fa2208a5000 rwxs 00000000 08:01 1701                       /tmp/hsperfdata_cotryti/32540
7fa2208a5000-7fa2208e4000 r-xp 00000000 08:01 526336                     /usr/lib/locale/en_US.utf8/LC_CTYPE
7fa2208e4000-7fa2208e6000 rwxp 00000000 00:00 0 
7fa2208e6000-7fa2208ed000 r-xp 00000000 08:01 525516                     /usr/lib/jvm/java-6-sun-1.6.0.15/jre/lib/amd64/jli/libjli.so
7fa2208ed000-7fa2209ee000 ---p 00007000 08:01 525516                     /usr/lib/jvm/java-6-sun-1.6.0.15/jre/lib/amd64/jli/libjli.so
7fa2209ee000-7fa2209f0000 rwxp 00008000 08:01 525516                     /usr/lib/jvm/java-6-sun-1.6.0.15/jre/lib/amd64/jli/libjli.so
7fa2209f0000-7fa2209f1000 rwxp 00000000 00:00 0 
7fa2209f8000-7fa2209f9000 r-xp 00000000 08:01 526389                     /usr/lib/locale/en_US.utf8/LC_NUMERIC
7fa2209f9000-7fa2209fa000 r-xp 00000000 08:01 526365                     /usr/lib/locale/en_US.utf8/LC_TIME
7fa2209fa000-7fa2209fb000 r-xp 00000000 08:01 526359                     /usr/lib/locale/en_US.utf8/LC_MONETARY
7fa2209fb000-7fa2209fc000 r-xp 00000000 08:01 526213                     /usr/lib/locale/en_US.utf8/LC_MESSAGES/SYS_LC_MESSAGES
7fa2209fc000-7fa2209fd000 r-xp 00000000 08:01 526342                     /usr/lib/locale/en_US.utf8/LC_PAPER
7fa2209fd000-7fa2209fe000 r-xp 00000000 08:01 526208                     /usr/lib/locale/en_US.utf8/LC_NAME
7fa2209fe000-7fa2209ff000 r-xp 00000000 08:01 526358                     /usr/lib/locale/en_US.utf8/LC_ADDRESS
7fa2209ff000-7fa220a00000 r-xp 00000000 08:01 526363                     /usr/lib/locale/en_US.utf8/LC_TELEPHONE
7fa220a00000-7fa220a01000 r-xp 00000000 08:01 526206                     /usr/lib/locale/en_US.utf8/LC_MEASUREMENT
7fa220a01000-7fa220a08000 r-xs 00000000 08:01 264368                     /usr/lib/gconv/gconv-modules.cache
7fa220a08000-7fa220a09000 r-xp 00000000 08:01 526361                     /usr/lib/locale/en_US.utf8/LC_IDENTIFICATION
7fa220a09000-7fa220a0a000 rwxp 00000000 00:00 0 
7fa220a0a000-7fa220a0b000 r-xp 00000000 00:00 0 
7fa220a0b000-7fa220a0e000 rwxp 00000000 00:00 0 
7fa220a0e000-7fa220a0f000 r-xp 0001e000 08:01 809                        /lib/ld-2.10.1.so
7fa220a0f000-7fa220a10000 rwxp 0001f000 08:01 809                        /lib/ld-2.10.1.so
7fff19c34000-7fff19c49000 rwxp 00000000 00:00 0                          [stack]
7fff19d4d000-7fff19d4e000 r-xp 00000000 00:00 0                          [vdso]
ffffffffff600000-ffffffffff601000 r-xp 00000000 00:00 0                  [vsyscall]

VM Arguments:
jvm_args: -agentlib:jdwp=transport=dt_socket,suspend=y,address=localhost:41561 -Dfile.encoding=UTF-8 -Xbootclasspath:/home/cotryti/Tools/android-sdk-linux_86/platforms/android-3/android.jar 
java_command: no.ctryti.dagensatuio.SiOParser
Launcher Type: SUN_STANDARD

Environment Variables:
PATH=/usr/local/sbin:/usr/local/bin:/usr/sbin:/usr/bin:/sbin:/bin:/usr/games
USERNAME=cotryti
LD_LIBRARY_PATH=/usr/lib/jvm/java-6-sun-1.6.0.15/jre/lib/amd64/server:/usr/lib/jvm/java-6-sun-1.6.0.15/jre/lib/amd64:/usr/lib/jvm/java-6-sun-1.6.0.15/jre/../lib/amd64:/usr/lib64/xulrunner-addons
SHELL=/bin/bash
DISPLAY=:0.0

Signal Handlers:
SIGSEGV: [libjvm.so+0x6bdd00], sa_mask[0]=0x7ffbfeff, sa_flags=0x10000004
SIGBUS: [libjvm.so+0x6bdd00], sa_mask[0]=0x7ffbfeff, sa_flags=0x10000004
SIGFPE: [libjvm.so+0x594ed0], sa_mask[0]=0x7ffbfeff, sa_flags=0x10000004
SIGPIPE: [libjvm.so+0x594ed0], sa_mask[0]=0x7ffbfeff, sa_flags=0x10000004
SIGXFSZ: [libjvm.so+0x594ed0], sa_mask[0]=0x7ffbfeff, sa_flags=0x10000004
SIGILL: [libjvm.so+0x594ed0], sa_mask[0]=0x7ffbfeff, sa_flags=0x10000004
SIGUSR1: SIG_DFL, sa_mask[0]=0x00000000, sa_flags=0x00000000
SIGUSR2: [libjvm.so+0x597690], sa_mask[0]=0x00000004, sa_flags=0x10000004
SIGHUP: SIG_DFL, sa_mask[0]=0x00000000, sa_flags=0x00000000
SIGINT: SIG_DFL, sa_mask[0]=0x00000000, sa_flags=0x00000000
SIGTERM: SIG_DFL, sa_mask[0]=0x00000000, sa_flags=0x00000000
SIGQUIT: SIG_DFL, sa_mask[0]=0x00000000, sa_flags=0x00000000


---------------  S Y S T E M  ---------------

OS:squeeze/sid

uname:Linux 2.6.31-14-generic #48-Ubuntu SMP Fri Oct 16 14:05:01 UTC 2009 x86_64
libc:glibc 2.10.1 NPTL 2.10.1 
rlimit: STACK 8192k, CORE 0k, NPROC infinity, NOFILE 1024, AS infinity
load average:0.25 0.17 0.11

CPU:total 4 (4 cores per cpu, 1 threads per core) family 6 model 23 stepping 7, cmov, cx8, fxsr, mmx, sse, sse2, sse3, ssse3, sse4.1

Memory: 4k page, physical 4057744k(111592k free), swap 4095992k(4082588k free)

vm_info: Java HotSpot(TM) 64-Bit Server VM (14.1-b02) for linux-amd64 JRE (1.6.0_15-b03), built on Jul  2 2009 15:26:16 by "java_re" with gcc 3.2.2 (SuSE Linux)

time: Sat Mar 13 14:07:30 2010
elapsed time: 0 seconds

